localhost [Fri Apr 21 00:37:32 202] "GET /dog.jpg HTTP/1.1" 200 106155 - "Mozilla/5.0 (Windows NT 10.0; Win64; x64)"
localhost [Fri Apr 21 00:37:37 202] "GET /favicon.ico HTTP/1.1" 400 40 "http://localhost:7777/dog.jpg" "Mozilla/5.0 (Windows NT 10.0; Win64; x64)"
localhost [Fri Apr 21 00:40:00 202] "GET /dog.jpg HTTP/1.1" 200 106155 - "Mozilla/5.0 (Windows NT 10.0; Win64; x64)"
localhost [Fri Apr 21 00:40:05 202] "GET /favicon.ico HTTP/1.1" 400 40 "http://localhost:42069/dog.jpg" "Mozilla/5.0 (Windows NT 10.0; Win64; x64)"
localhost [Fri Apr 21 00:45:06 202] "GET /dog.jpg HTTP/1.1" 200 106155 - "Mozilla/5.0 (Windows NT 10.0; Win64; x64)"
localhost [Fri Apr 21 00:45:11 202] "GET /favicon.ico HTTP/1.1" 400 40 "http://localhost:3333/dog.jpg" "Mozilla/5.0 (Windows NT 10.0; Win64; x64)"
localhost [Fri Apr 21 00:46:58 202] "GET /waluigi-walk-waluigi-meme.gif HTTP/1.1" 200 273903 - "Mozilla/5.0 (Windows NT 10.0; Win64; x64)"
localhost [Fri Apr 21 00:47:03 202] "GET /favicon.ico HTTP/1.1" 400 40 "http://localhost:3333/waluigi-walk-waluigi-meme.gif" "Mozilla/5.0 (Windows NT 10.0; Win64; x64)"
localhost [Fri Apr 21 00:49:40 202] "GET /waluigi-walk-waluigi-meme.gif HTTP/1.1" 200 273903 - "Mozilla/5.0 (Windows NT 10.0; Win64; x64)"
localhost [Fri Apr 21 00:49:45 202] "GET /favicon.ico HTTP/1.1" 400 40 "http://localhost:4444/waluigi-walk-waluigi-meme.gif" "Mozilla/5.0 (Windows NT 10.0; Win64; x64)"
localhost [Fri Apr 21 00:55:14 202] "GET /MapsAndMusic/index.html HTTP/1.1" 200 1393 - "Mozilla/5.0 (Windows NT 10.0; Win64; x64)"
localhost [Fri Apr 21 00:55:14 202] "GET /MapsAndMusic/m&m.css HTTP/1.1" 200 289 "http://localhost:4444/MapsAndMusic/index.html" "Mozilla/5.0 (Windows NT 10.0; Win64; x64)"
localhost [Fri Apr 21 00:55:14 202] "GET /MapsAndMusic/images/image-12.png HTTP/1.1" 200 440287 "http://localhost:4444/MapsAndMusic/index.html" "Mozilla/5.0 (Windows NT 10.0; Win64; x64)"
localhost [Fri Apr 21 00:55:29 202] "GET /favicon.ico HTTP/1.1" 400 40 "http://localhost:4444/MapsAndMusic/index.html" "Mozilla/5.0 (Windows NT 10.0; Win64; x64)"
localhost [Fri Apr 21 11:47:09 202] "GET /dog.jpg HTTP/1.1" 200 106155 - "Mozilla/5.0 (Windows NT 10.0; Win64; x64)"
localhost [Fri Apr 21 11:47:14 202] "GET /favicon.ico HTTP/1.1" 400 40 "http://localhost:3333/dog.jpg" "Mozilla/5.0 (Windows NT 10.0; Win64; x64)"
localhost [Fri Apr 21 11:48:02 202] "GET /waluigi-walk-waluigi-meme.gif HTTP/1.1" 200 273903 - "Mozilla/5.0 (Windows NT 10.0; Win64; x64)"
localhost [Fri Apr 21 11:48:07 202] "GET /favicon.ico HTTP/1.1" 400 40 "http://localhost:3333/waluigi-walk-waluigi-meme.gif" "Mozilla/5.0 (Windows NT 10.0; Win64; x64)"
localhost [Fri Apr 21 11:48:28 202] "GET /MapsAndMusic/index.html HTTP/1.1" 200 1393 - "Mozilla/5.0 (Windows NT 10.0; Win64; x64)"
localhost [Fri Apr 21 11:48:28 202] "GET /MapsAndMusic/m&m.css HTTP/1.1" 200 289 "http://localhost:3333/MapsAndMusic/index.html" "Mozilla/5.0 (Windows NT 10.0; Win64; x64)"
localhost [Fri Apr 21 11:48:28 202] "GET /MapsAndMusic/images/image-12.png HTTP/1.1" 200 440287 "http://localhost:3333/MapsAndMusic/index.html" "Mozilla/5.0 (Windows NT 10.0; Win64; x64)"
localhost [Fri Apr 21 11:48:43 202] "GET /favicon.ico HTTP/1.1" 400 40 "http://localhost:3333/MapsAndMusic/index.html" "Mozilla/5.0 (Windows NT 10.0; Win64; x64)"
localhost [Sun Aug 20 23:30:07 202] "GET / HTTP/1.1" 400 40 - "Mozilla/5.0 (Windows NT 10.0; Win64; x64)"
localhost [Sun Aug 20 23:30:12 202] "GET /favicon.ico HTTP/1.1" 400 40 "http://localhost:3333/" "Mozilla/5.0 (Windows NT 10.0; Win64; x64)"
localhost [Sun Aug 20 23:31:31 202] "GET /MapsAndMusic/index.html HTTP/1.1" 200 1393 - "Mozilla/5.0 (Windows NT 10.0; Win64; x64)"
localhost [Sun Aug 20 23:31:31 202] "GET /MapsAndMusic/m&m.css HTTP/1.1" 200 289 "http://localhost:3333/MapsAndMusic/index.html" "Mozilla/5.0 (Windows NT 10.0; Win64; x64)"
localhost [Sun Aug 20 23:31:31 202] "GET /MapsAndMusic/images/image-12.png HTTP/1.1" 200 440287 "http://localhost:3333/MapsAndMusic/index.html" "Mozilla/5.0 (Windows NT 10.0; Win64; x64)"
localhost [Sun Aug 20 23:31:46 202] "GET /favicon.ico HTTP/1.1" 400 40 "http://localhost:3333/MapsAndMusic/index.html" "Mozilla/5.0 (Windows NT 10.0; Win64; x64)"
localhost [Sun Aug 20 23:32:06 202] "GET /MapsAndMusic/sound.html HTTP/1.1" 200 780 "http://localhost:3333/MapsAndMusic/index.html" "Mozilla/5.0 (Windows NT 10.0; Win64; x64)"
localhost [Sun Aug 20 23:32:07 202] "GET /MapsAndMusic/m&m.css HTTP/1.1" 200 289 "http://localhost:3333/MapsAndMusic/sound.html" "Mozilla/5.0 (Windows NT 10.0; Win64; x64)"
localhost [Sun Aug 20 23:32:07 202] "GET /MapsAndMusic/images/ANGYDUCK.jpeg HTTP/1.1" 200 11137 "http://localhost:3333/MapsAndMusic/sound.html" "Mozilla/5.0 (Windows NT 10.0; Win64; x64)"
localhost [Sun Aug 20 23:32:07 202] "GET /MapsAndMusic/audio/bonk-sound-effect-36055.mp3 HTTP/1.1" 200 41280 "http://localhost:3333/MapsAndMusic/sound.html
Accept-Language: en-US,en;q=0.9
Range: bytes=0-
" "Mozilla/5.0 (Windows NT 10.0; Win64; x64)"
localhost [Sun Aug 20 23:32:07 202] "GET /MapsAndMusic/audio/lightning-tiger-god-loop-50249.mp3 HTTP/1.1" 200 4210560 "http://localhost:3333/MapsAndMusic/sound.html
Accept-Language: en-US,en;q=0.9
Range: bytes=0-
" "Mozilla/5.0 (Windows NT 10.0; Win64; x64)"
localhost [Sun Aug 20 23:32:22 202] "GET /favicon.ico HTTP/1.1" 400 40 "http://localhost:3333/MapsAndMusic/sound.html" "Mozilla/5.0 (Windows NT 10.0; Win64; x64)"
localhost [Sun Aug 20 23:32:22 202] "GET /favicon.ico HTTP/1.1" 400 40 "http://localhost:3333/MapsAndMusic/sound.html" "Mozilla/5.0 (Windows NT 10.0; Win64; x64)"
localhost [Sun Aug 20 23:32:32 202] "GET /MapsAndMusic/images/fat-cat-laser-eyes.gif HTTP/1.1" 200 1819241 "http://localhost:3333/MapsAndMusic/index.html" "Mozilla/5.0 (Windows NT 10.0; Win64; x64)"
